\BOOKMARK [0][-]{section*.6}{\376\377\000\332\000v\000o\000d}{}% 1
\BOOKMARK [0][-]{chapter.7}{\376\377\000K\000y\000b\000e\000r\000n\000e\000t\000i\000c\000k\000\341\000\040\000b\000e\000z\000p\000e\001\015\000n\000o\000s\001\145}{}% 2
\BOOKMARK [1][-]{section.9}{\376\377\000V\000y\000b\000r\000a\000n\000\351\000\040\000p\000o\000j\000m\000y\000\040\000z\000\040\000k\000y\000b\000e\000r\000n\000e\000t\000i\000c\000k\000e\000j\000\040\000b\000e\000z\000p\000e\001\015\000n\000o\000s\000t\000i}{chapter.7}% 3
\BOOKMARK [1][-]{section.11}{\376\377\000C\000i\000e\000l\000e\000\040\000s\000i\000e\001\145\000o\000v\000e\000j\000\040\000b\000e\000z\000p\000e\001\015\000n\000o\000s\000t\000i}{chapter.7}% 4
\BOOKMARK [2][-]{subsection.12}{\376\377\000T\000r\000i\000\341\000d\000a\000\040\000C\000I\000A}{section.11}% 5
\BOOKMARK [1][-]{section.14}{\376\377\000P\000a\000s\000\355\000v\000n\000e\000\040\000a\000\040\000a\000k\000t\000\355\000v\000n\000e\000\040\000\372\000t\000o\000k\000y}{chapter.7}% 6
\BOOKMARK [0][-]{chapter.20}{\376\377\000B\000e\000z\000p\000e\001\015\000n\000o\000s\000t\000n\000\375\000\040\000a\000u\000d\000i\000t}{}% 7
\BOOKMARK [1][-]{section.33}{\376\377\000M\000a\000n\000a\001\176\000m\000e\000n\000t\000\040\000r\000i\000z\000\355\000k}{chapter.20}% 8
\BOOKMARK [0][-]{chapter.43}{\376\377\000P\000r\000e\000v\000\341\000d\000z\000k\000a\000\040\000a\000\040\000b\000e\000z\000p\000e\001\015\000n\000o\000s\001\145\000\040\000s\000i\000e\000t\000\355}{}% 9
\BOOKMARK [1][-]{section.45}{\376\377\000S\000i\000e\001\145\000o\000v\000\351\000\040\000p\000r\000v\000k\000y}{chapter.43}% 10
\BOOKMARK [1][-]{section.47}{\376\377\000H\000i\000e\000r\000a\000r\000c\000h\000i\000c\000k\000\375\000\040\000m\000o\000d\000e\000l\000\040\000s\000i\000e\000t\000\355}{chapter.43}% 11
\BOOKMARK [1][-]{section.49}{\376\377\000\332\000r\000o\000v\000n\000e\000\040\000s\000i\000e\001\145\000o\000v\000\375\000c\000h\000\040\000p\000r\000v\000k\000o\000v}{chapter.43}% 12
\BOOKMARK [1][-]{section.51}{\376\377\000R\000i\000a\000d\000e\000n\000i\000e\000\040\000a\000\040\000z\000n\000e\000u\001\176\000i\000t\000i\000e\000\040\000p\000r\000\355\000s\000t\000u\000p}{chapter.43}% 13
\BOOKMARK [1][-]{section.52}{\376\377\000S\000m\000e\000r\000o\000v\000a\000c\000i\000e\000\040\000p\000r\000o\000t\000o\000k\000o\000l\000y}{chapter.43}% 14
\BOOKMARK [1][-]{section.53}{\376\377\000I\000d\000e\000n\000t\000i\000f\000i\000k\000\341\000c\000i\000a\000\040\000z\000a\000r\000i\000a\000d\000e\000n\000\355\000,\000\040\000p\000r\000a\000v\000i\000d\000i\000e\000l\000\040\000a\000\040\000n\000a\000s\000t\000a\000v\000e\000n\000\355}{chapter.43}% 15
\BOOKMARK [1][-]{section.54}{\376\377\001\140\000i\000f\000r\000o\000v\000a\000n\000i\000e\000\040\000h\000e\000s\000i\000e\000l}{chapter.43}% 16
\BOOKMARK [1][-]{section.55}{\376\377\000L\000o\000g\000o\000v\000a\000n\000i\000e}{chapter.43}% 17
\BOOKMARK [1][-]{section.56}{\376\377\000S\000y\000n\000c\000h\000r\000o\000n\000i\000z\000\341\000c\000i\000a\000\040\001\015\000a\000s\000u}{chapter.43}% 18
\BOOKMARK [1][-]{section.57}{\376\377\000Z\000\341\000l\000o\000h\000a\000\040\000a\000\040\000z\000a\000b\000e\000z\000p\000e\001\015\000e\000n\000i\000e\000\040\000k\000o\000n\000f\000i\000g\000u\000r\000\341\000c\000i\000\355}{chapter.43}% 19
\BOOKMARK [1][-]{section.58}{\376\377\000S\000p\000r\000\341\000v\000a\000n\000i\000e\000\040\000p\000r\000i\000\040\000v\000y\000s\000o\000k\000o\000m\000\040\000z\000a\001\145\000a\001\176\000e\000n\000\355}{chapter.43}% 20
\BOOKMARK [1][-]{section.59}{\376\377\000M\000o\000n\000i\000t\000o\000r\000o\000v\000a\000n\000i\000e\000\040\000v\000\375\000k\000o\000n\000u\000\040\000s\000i\000e\000t\000e}{chapter.43}% 21
\BOOKMARK [1][-]{section.60}{\376\377\000P\000r\000o\000b\000l\000\351\000m\000y\000\040\000v\000r\000s\000t\000v\000y\000\040\000L\0002}{chapter.43}% 22
\BOOKMARK [1][-]{section.61}{\376\377\000F\000i\000r\000s\000t\000\040\000H\000o\000p\000\040\000S\000e\000c\000u\000r\000i\000t\000y}{chapter.43}% 23
\BOOKMARK [1][-]{section.62}{\376\377\000F\000i\000r\000s\000t\000\040\000H\000o\000p\000\040\000R\000e\000d\000u\000n\000d\000a\000n\000c\000y\000\040\000P\000r\000o\000t\000o\000c\000o\000l\000s}{chapter.43}% 24
\BOOKMARK [1][-]{section.63}{\376\377\000T\000u\000n\000e\000l\000y}{chapter.43}% 25
\BOOKMARK [1][-]{section.64}{\376\377\000M\000a\000p\000o\000v\000a\000n\000i\000e\000\040\000s\000i\000e\000t\000e\000\040\000a\000\040\000o\000b\000j\000a\000v\000o\000v\000a\000n\000i\000e\000\040\000z\000a\000r\000i\000a\000d\000e\000n\000\355}{chapter.43}% 26
\BOOKMARK [1][-]{section.65}{\376\377\000N\000e\000p\000o\000u\001\176\000\355\000v\000a\000n\000\351\000\040\000a\000\040\000n\000e\000b\000e\000z\000p\000e\001\015\000n\000\351\000\040\000s\000l\000u\001\176\000b\000y}{chapter.43}% 27
\BOOKMARK [1][-]{section.66}{\376\377\000O\000s\000t\000a\000t\000n\000\351}{chapter.43}% 28
\BOOKMARK [0][-]{chapter.67}{\376\377\000N\000\341\000v\000r\000h}{}% 29
\BOOKMARK [1][-]{section.69}{\376\377\000P\000o\001\176\000i\000a\000d\000a\000v\000k\000y\000\040\000n\000a\000\040\000a\000p\000l\000i\000k\000\341\000c\000i\000u}{chapter.67}% 30
\BOOKMARK [1][-]{section.70}{\376\377\000E\000x\000i\000s\000t\000u\000j\000\372\000c\000e\000\040\000r\000i\000e\001\141\000e\000n\000i\000a\000\040\000a\000\040\000o\000d\000l\000i\001\141\000n\000o\000s\000t\000i}{chapter.67}% 31
\BOOKMARK [1][-]{section.71}{\376\377\000Z\000o\000z\000n\000a\000m\000\040\000o\000d\000p\000o\000r\000\372\001\015\000a\000n\000\355}{chapter.67}% 32
\BOOKMARK [1][-]{section.73}{\376\377\000R\000o\000z\000d\000e\000l\000e\000n\000i\000e\000\040\000p\000r\000\355\000k\000a\000z\000o\000v}{chapter.67}% 33
\BOOKMARK [1][-]{section.74}{\376\377\000R\000o\000z\000d\000e\000l\000e\000n\000i\000e\000\040\000s\000i\000e\001\145\000o\000v\000\375\000c\000h\000\040\000p\000r\000v\000k\000o\000v}{chapter.67}% 34
\BOOKMARK [1][-]{section.75}{\376\377\000H\000i\000e\000r\000a\000r\000c\000h\000i\000c\000k\000\341\000\040\001\141\000t\000r\000u\000k\000t\000\372\000r\000a}{chapter.67}% 35
\BOOKMARK [0][-]{chapter.76}{\376\377\000I\000m\000p\000l\000e\000m\000e\000n\000t\000\341\000c\000i\000a}{}% 36
\BOOKMARK [1][-]{section.78}{\376\377\000P\000o\000u\001\176\000i\000t\000\351\000\040\000t\000e\000c\000h\000n\000o\000l\000\363\000g\000i\000e}{chapter.76}% 37
\BOOKMARK [2][-]{subsection.79}{\376\377\000P\000y\000t\000h\000o\000n}{section.78}% 38
\BOOKMARK [2][-]{subsection.80}{\376\377\000Y\000A\000M\000L}{section.78}% 39
\BOOKMARK [2][-]{subsection.81}{\376\377\000R\000e\000g\000u\000l\000\341\000r\000n\000e\000\040\000v\000\375\000r\000a\000z\000y}{section.78}% 40
\BOOKMARK [1][-]{section.82}{\376\377\000K\000o\000n\000f\000i\000g\000u\000r\000a\001\015\000n\000\351\000\040\000s\000\372\000b\000o\000r\000y}{chapter.76}% 41
\BOOKMARK [2][-]{subsection.83}{\376\377\000S\000\372\000b\000o\000r\000\040\000p\000o\000p\000i\000s\000u\000j\000\372\000c\000i\000\040\000z\000a\000r\000i\000a\000d\000e\000n\000i\000e}{section.82}% 42
\BOOKMARK [2][-]{subsection.84}{\376\377\000S\000\372\000b\000o\000r\000\040\000p\000o\000p\000i\000s\000u\000j\000\372\000c\000i\000\040\000m\000o\000d\000u\000l}{section.82}% 43
\BOOKMARK [1][-]{section.85}{\376\377\000M\000o\000d\000u\000l\000y}{chapter.76}% 44
\BOOKMARK [0][-]{section*.87}{\376\377\000Z\000\341\000v\000e\000r}{}% 45
\BOOKMARK [0][-]{section*.89}{\376\377\000L\000i\000t\000e\000r\000a\000t\000\372\000r\000a}{}% 46
\BOOKMARK [0][-]{section*.91}{\376\377\000Z\000o\000z\000n\000a\000m\000\040\000s\000y\000m\000b\000o\000l\000o\000v\000,\000\040\000v\000e\000l\000i\001\015\000\355\000n\000\040\000a\000\040\000s\000k\000r\000a\000t\000i\000e\000k}{}% 47
\BOOKMARK [0][-]{section*.93}{\376\377\000Z\000o\000z\000n\000a\000m\000\040\000p\000r\000\355\000l\000o\000h}{}% 48
\BOOKMARK [0][-]{chapter.94}{\376\377\000Z\000d\000r\000o\000j\000o\000v\000\351\000\040\000s\000\372\000b\000o\000r\000y\000\040}{}% 49
\BOOKMARK [1][-]{section.95}{\376\377\000K\000o\000n\000f\000i\000g\000u\000r\000a\001\015\000n\000\351\000\040\000s\000\372\000b\000o\000r\000y\000\040}{chapter.94}% 50
\BOOKMARK [0][-]{chapter.96}{\376\377\000C\000h\000e\000c\000k\000l\000i\000s\000t\000\040}{}% 51
